# JRE version: Java(TM) SE Runtime Environment (17.0.11+7) (build 17.0.11+7-LTS-207)
# Java VM: Java HotSpot(TM) 64-Bit Server VM (17.0.11+7-LTS-207, mixed mode, emulated-client, sharing, tiered, compressed oops, compressed class ptrs, g1 gc, windows-amd64)
GC Precious Log:
 CPUs: 4 total, 4 available
 Memory: 4001M
 Large Page Support: Disabled
 NUMA Support: Disabled
 Compressed Oops: Enabled (32-bit)
 Heap Region Size: 1M
 Heap Min Capacity: 8M
 Heap Initial Capacity: 64M
 Heap Max Capacity: 1002M
 Pre-touch: Disabled
 Parallel Workers: 4
 Concurrent Workers: 1
 Concurrent Refinement Workers: 4
 Periodic GC: Disabled
Heap:
 garbage-first heap   total 65536K, used 24641K [0x00000000c1600000, 0x0000000100000000)
  region size 1024K, 20 young (20480K), 5 survivors (5120K)
 Metaspace       used 20676K, committed 20992K, reserved 1114112K
  class space    used 2825K, committed 3008K, reserved 1048576K
GC Heap History (8 events):
Event: 6.208 GC heap before
{Heap before GC invocations=0 (full 0):
 garbage-first heap   total 65536K, used 13312K [0x00000000c1600000, 0x0000000100000000)
  region size 1024K, 13 young (13312K), 0 survivors (0K)
 Metaspace       used 5857K, committed 6080K, reserved 1114112K
  class space    used 722K, committed 832K, reserved 1048576K
}
Event: 6.260 GC heap after
{Heap after GC invocations=1 (full 0):
 garbage-first heap   total 65536K, used 4483K [0x00000000c1600000, 0x0000000100000000)
  region size 1024K, 2 young (2048K), 2 survivors (2048K)
 Metaspace       used 5857K, committed 6080K, reserved 1114112K
  class space    used 722K, committed 832K, reserved 1048576K
}
Event: 9.536 GC heap before
{Heap before GC invocations=1 (full 0):
 garbage-first heap   total 65536K, used 13699K [0x00000000c1600000, 0x0000000100000000)
  region size 1024K, 11 young (11264K), 2 survivors (2048K)
 Metaspace       used 7968K, committed 8192K, reserved 1114112K
  class space    used 1037K, committed 1152K, reserved 1048576K
}
Event: 9.544 GC heap after
{Heap after GC invocations=2 (full 0):
 garbage-first heap   total 65536K, used 5766K [0x00000000c1600000, 0x0000000100000000)
  region size 1024K, 2 young (2048K), 2 survivors (2048K)
 Metaspace       used 7968K, committed 8192K, reserved 1114112K
  class space    used 1037K, committed 1152K, reserved 1048576K
}
Event: 10.771 GC heap before
{Heap before GC invocations=2 (full 0):
 garbage-first heap   total 65536K, used 28294K [0x00000000c1600000, 0x0000000100000000)
  region size 1024K, 24 young (24576K), 2 survivors (2048K)
 Metaspace       used 12755K, committed 13056K, reserved 1114112K
  class space    used 1723K, committed 1856K, reserved 1048576K
}
Event: 10.775 GC heap after
{Heap after GC invocations=3 (full 0):
 garbage-first heap   total 65536K, used 7176K [0x00000000c1600000, 0x0000000100000000)
  region size 1024K, 3 young (3072K), 3 survivors (3072K)
 Metaspace       used 12755K, committed 13056K, reserved 1114112K
  class space    used 1723K, committed 1856K, reserved 1048576K
}
Event: 12.276 GC heap before
{Heap before GC invocations=3 (full 0):
 garbage-first heap   total 65536K, used 40968K [0x00000000c1600000, 0x0000000100000000)
  region size 1024K, 36 young (36864K), 3 survivors (3072K)
 Metaspace       used 18946K, committed 19264K, reserved 1114112K
  class space    used 2575K, committed 2752K, reserved 1048576K
}
Event: 12.300 GC heap after
{Heap after GC invocations=4 (full 0):
 garbage-first heap   total 65536K, used 10305K [0x00000000c1600000, 0x0000000100000000)
  region size 1024K, 5 young (5120K), 5 survivors (5120K)
 Metaspace       used 18946K, committed 19264K, reserved 1114112K
  class space    used 2575K, committed 2752K, reserved 1048576K
}

